0	1	mikroCARM.exe -MSF -DBG -pSTM32F107VC -BIN -LHF -DL -SSA -O11111114 -fo72 -N"D:\Clicks_git\Color_6_click\SW\example\c\ARM\STM\Click_Color6_STM.mcpar" -SP"C:\Users\Public\Documents\Mikroelektronika\mikroC PRO for ARM\Defs\" -SP"C:\Users\Public\Documents\Mikroelektronika\mikroC PRO for ARM\Uses\ST M3\" -SP"D:\Clicks_git\Color_6_click\SW\example\c\ARM\STM\" -SP"D:\Clicks_git\Color_6_click\SW\library\HAL\" -SP"D:\Clicks_git\Color_6_click\SW\library\" -SP"C:\Users\Public\Documents\Mikroelektronika\mikroC PRO for ARM\Packages\mikroBUS Board Definition API\Uses\" -IP"C:\Users\Public\Documents\Mikroelektronika\mikroC PRO for ARM\Uses\ST M3\" -IP"D:\Clicks_git\Color_6_click\SW\example\c\ARM\STM\" -IP"D:\Clicks_git\Color_6_click\SW\library\" -IP"D:\Clicks_git\Color_6_click\SW\library\HAL\" -IP"C:\Users\Public\Documents\Mikroelektronika\mikroC PRO for ARM\Packages\mikroBUS Board Definition API\Uses\" "Click_Color6_STM.c" "__color6_driver.c" "__Lib_Math.emcl" "__Lib_MathDouble.emcl" "__Lib_Delays.emcl" "__Lib_System_105_107.emcl" "__Lib_GPIO_32F10x_Defs.emcl" "__Lib_GPIO_32F10x.emcl" "__Lib_CString.emcl" "__Lib_Conversions.emcl" "__Lib_I2C_12.emcl" "__Lib_UART_123_45.emcl" "easymx_v7_STM32F107VC.emcl" "Click_Color6.pld"	 
diagnostics: 0	122	Compilation Started	stdint.h
diagnostics: 109	123	Compiled Successfully	Click_Color6_STM.c
diagnostics: 0	122	Compilation Started	stdint.h
diagnostics: 429	123	Compiled Successfully	__color6_driver.c
hint: 323	1164	Variable 'tmp' has been eliminated by optimizer	__color6_driver.c
hint: 84	1164	Variable 'tmp' has been eliminated by optimizer	__color6_driver.c
hint: 101	1164	Variable 'ptr' has been eliminated by optimizer	__color6_driver.c
hint: 109	1164	Variable 'ptr' has been eliminated by optimizer	__color6_driver.c
hint: 377	1164	Variable 'channelData' has been eliminated by optimizer	__color6_driver.c
hint: 378	1164	Variable 'floatData' has been eliminated by optimizer	__color6_driver.c
hint: 400	1164	Variable 'dataValue' has been eliminated by optimizer	__color6_driver.c
diagnostics: 0	127	All files Compiled in 93 ms	 
hint: 0	1144	Used RX: 16 (100%)   Free RX: 0 (0%)	Used RX: 16 (100%)   Free RX: 0 (0%)
hint: 0	1144	Static RAM (bytes): 544   Dynamic RAM (bytes): 64989	Static RAM (bytes): 544   Dynamic RAM (bytes): 64989
hint: 0	1144	Used ROM (bytes): 10831 (4%)  Free ROM (bytes): 251313 (96%)	Used ROM (bytes): 10831 (4%)  Free ROM (bytes): 251313 (96%)
diagnostics: 0	125	Project Linked Successfully	Click_Color6_STM.mcpar
diagnostics: 0	128	Linked in 250 ms	 
diagnostics: 0	129	Project 'Click_Color6_STM.mcpar' completed: 453 ms	 
diagnostics: 0	103	Finished successfully: 17 maj 2018, 12:26:46	Click_Color6_STM.mcpar
